

*******************************************************************************
Thu Aug  4 10:59:32 2016


FIT:    data read from "sequential.dat"
        format = z
        #datapoints = 99
        residuals are weighted equally (unit weight)

function used for fitting: f(x)
	f(x) = a*x + b
fitted parameters initialized with current variable values

iter      chisq       delta/lim  lambda   a             b            
   0 3.2754226627e+09   0.00e+00  4.07e+03    1.000000e+00   1.000000e+00
   7 1.8676893043e-01  -4.11e-07  4.07e-04    1.376595e-03   3.256132e-02

After 7 iterations the fit converged.
final sum of squares of residuals : 0.186769
rel. change during last iteration : -4.10889e-12

degrees of freedom    (FIT_NDF)                        : 97
rms of residuals      (FIT_STDFIT) = sqrt(WSSR/ndf)    : 0.04388
variance of residuals (reduced chisquare) = WSSR/ndf   : 0.00192545

Final set of parameters            Asymptotic Standard Error
=======================            ==========================
a               = 0.00137659       +/- 1.543e-06    (0.1121%)
b               = 0.0325613        +/- 0.008887     (27.29%)

correlation matrix of the fit parameters:
                a      b      
a               1.000 
b              -0.868  1.000 


*******************************************************************************
Thu Aug  4 11:01:46 2016


FIT:    data read from "sequential.dat"
        format = z
        #datapoints = 99
        residuals are weighted equally (unit weight)

function used for fitting: f(x)
	f(x) = a*x**2 + b
fitted parameters initialized with current variable values

iter      chisq       delta/lim  lambda   a             b            
   0 3.6949788514e+11   0.00e+00  4.32e+04    1.376595e-03   3.256132e-02
   9 9.1988335845e+01  -4.96e-05  4.32e-05    1.293154e-07   2.626574e+00

After 9 iterations the fit converged.
final sum of squares of residuals : 91.9883
rel. change during last iteration : -4.95782e-10

degrees of freedom    (FIT_NDF)                        : 97
rms of residuals      (FIT_STDFIT) = sqrt(WSSR/ndf)    : 0.973824
variance of residuals (reduced chisquare) = WSSR/ndf   : 0.948333

Final set of parameters            Asymptotic Standard Error
=======================            ==========================
a               = 1.29315e-07      +/- 3.318e-09    (2.566%)
b               = 2.62657          +/- 0.1473       (5.607%)

correlation matrix of the fit parameters:
                a      b      
a               1.000 
b              -0.747  1.000 


*******************************************************************************
Thu Aug  4 11:03:13 2016


FIT:    data read from "binary.dat"
        format = z
        #datapoints = 100
        residuals are weighted equally (unit weight)

function used for fitting: f(x)
	f(x)=a+a*log(x)/log(2)
fitted parameters initialized with current variable values

iter      chisq       delta/lim  lambda   a            
   0 4.4680683510e+00   0.00e+00  2.95e-06    1.293154e-07
   3 3.2728945358e-02  -1.33e-05  2.95e-09    9.239379e-03

After 3 iterations the fit converged.
final sum of squares of residuals : 0.0327289
rel. change during last iteration : -1.32821e-10

degrees of freedom    (FIT_NDF)                        : 99
rms of residuals      (FIT_STDFIT) = sqrt(WSSR/ndf)    : 0.0181823
variance of residuals (reduced chisquare) = WSSR/ndf   : 0.000330595

Final set of parameters            Asymptotic Standard Error
=======================            ==========================
a               = 0.00923938       +/- 7.977e-05    (0.8633%)
