

*******************************************************************************
Mon Aug  8 09:30:31 2016


FIT:    data read from "insertion-best.dat"
        format = z
        #datapoints = 200
        residuals are weighted equally (unit weight)

function used for fitting: f(x)
	f(x) = a*x+b
fitted parameters initialized with current variable values

iter      chisq       delta/lim  lambda   a             b            
   0 3.0647043544e+14   0.00e+00  8.75e+05    1.000000e+00   1.000000e+00
  10 6.0797096124e-06   0.00e+00  8.75e-02    4.067056e-09   1.483932e-04

After 10 iterations the fit converged.
final sum of squares of residuals : 6.07971e-06
rel. change during last iteration : 0

degrees of freedom    (FIT_NDF)                        : 198
rms of residuals      (FIT_STDFIT) = sqrt(WSSR/ndf)    : 0.00017523
variance of residuals (reduced chisquare) = WSSR/ndf   : 3.07056e-08

Final set of parameters            Asymptotic Standard Error
=======================            ==========================
a               = 4.06706e-09      +/- 2.146e-11    (0.5277%)
b               = 0.000148393      +/- 2.657e-05    (17.9%)

correlation matrix of the fit parameters:
                a      b      
a               1.000 
b              -0.885  1.000 


*******************************************************************************
Mon Aug  8 09:33:12 2016


FIT:    data read from "insertion-worst.dat"
        format = z
        #datapoints = 32
        residuals are weighted equally (unit weight)

function used for fitting: f(x)
	f(x)=a*x**2+b*x+c
fitted parameters initialized with current variable values

iter      chisq       delta/lim  lambda   a             b             c            
   0 7.5926510114e+02   0.00e+00  2.05e+00    4.067056e-09   1.483932e-04   1.000000e+00
   4 9.4850386114e-05  -1.50e-02  2.05e-04    1.506789e-09  -2.449738e-07   2.523921e-03

After 4 iterations the fit converged.
final sum of squares of residuals : 9.48504e-05
rel. change during last iteration : -1.49778e-07

degrees of freedom    (FIT_NDF)                        : 29
rms of residuals      (FIT_STDFIT) = sqrt(WSSR/ndf)    : 0.00180851
variance of residuals (reduced chisquare) = WSSR/ndf   : 3.2707e-06

Final set of parameters            Asymptotic Standard Error
=======================            ==========================
a               = 1.50679e-09      +/- 4.199e-12    (0.2787%)
b               = -2.44974e-07     +/- 1.428e-07    (58.3%)
c               = 0.00252392       +/- 0.001022     (40.51%)

correlation matrix of the fit parameters:
                a      b      c      
a               1.000 
b              -0.970  1.000 
c               0.768 -0.881  1.000 
